<?xml version="1.0" encoding="UTF-8"?>
<testng-results ignored="0" total="1" passed="1" failed="0" skipped="0">
  <reporter-output>
  </reporter-output>
  <suite started-at="2021-09-22T13:04:40 IST" name="webtest" finished-at="2021-09-22T13:04:45 IST" duration-ms="4297">
    <groups>
    </groups>
    <test started-at="2021-09-22T13:04:40 IST" name="Chromedemo" finished-at="2021-09-22T13:04:45 IST" duration-ms="4297">
      <class name="com.example.testing.Test1">
        <test-method signature="chromdemo()[pri:0, instance:com.example.testing.Test1@484970b0]" started-at="2021-09-22T13:04:40 IST" name="chromdemo" finished-at="2021-09-22T13:04:45 IST" duration-ms="4263" status="PASS">
          <reporter-output>
          </reporter-output>
        </test-method> <!-- chromdemo -->
      </class> <!-- com.example.testing.Test1 -->
    </test> <!-- Chromedemo -->
  </suite> <!-- webtest -->
</testng-results>
